Using pre-set license
Built from '2020.3/china_unity/release' branch; Version is '2020.3.8f1c1 (0b92326fa640) revision 758322'; Using compiler version '192528614'; Build Type 'Release'
OS: 'Windows 10 Pro; OS build 19044.1586; Version 2009; 64bit' Language: 'zh' Physical Memory: 8059 MB
BatchMode: 1, IsHumanControllingUs: 0, StartBugReporterOnCrash: 0, Is64bit: 1, IsPro: 0

 COMMAND LINE ARGUMENTS:
E:\Unity\Editor\Unity.exe
-adb2
-batchMode
-noUpm
-name
AssetImportWorker0
-projectPath
E:/Unity/Demo/YouTube_3D_TopView_Shooting
-logFile
Logs/AssetImportWorker0.log
-srvPort
51973
Successfully changed project path to: E:/Unity/Demo/YouTube_3D_TopView_Shooting
E:/Unity/Demo/YouTube_3D_TopView_Shooting
Using Asset Import Pipeline V2.
Refreshing native plugins compatible for Editor in 25.24 ms, found 0 plugins.
Preloading 0 native plugins for Editor in 0.00 ms.
Initialize engine version: 2020.3.8f1c1 (0b92326fa640)
[Subsystems] Discovering subsystems at path E:/Unity/Editor/Data/Resources/UnitySubsystems
[Subsystems] Discovering subsystems at path E:/Unity/Demo/YouTube_3D_TopView_Shooting/Assets
GfxDevice: creating device client; threaded=0
Direct3D:
    Version:  Direct3D 11.0 [level 11.1]
    Renderer: Intel(R) HD Graphics 4600 (ID=0x412)
    Vendor:   
    VRAM:     2048 MB
    Driver:   20.19.15.4531
Initialize mono
Mono path[0] = 'E:/Unity/Editor/Data/Managed'
Mono path[1] = 'E:/Unity/Editor/Data/MonoBleedingEdge/lib/mono/unityjit'
Mono config path = 'E:/Unity/Editor/Data/MonoBleedingEdge/etc'
Using monoOptions --debugger-agent=transport=dt_socket,embedding=1,server=y,suspend=n,address=127.0.0.1:56660
Begin MonoManager ReloadAssembly
Registering precompiled unity dll's ...
Register platform support module: E:/Unity/Editor/Data/PlaybackEngines/WindowsStandaloneSupport/UnityEditor.WindowsStandalone.Extensions.dll
Registered in 0.001197 seconds.
Native extension for WindowsStandalone target not found
Refreshing native plugins compatible for Editor in 25.73 ms, found 0 plugins.
Preloading 0 native plugins for Editor in 0.00 ms.
Mono: successfully reloaded assembly
- Completed reload, in  1.030 seconds
Platform modules already initialized, skipping
Registering precompiled user dll's ...
Registered in 0.000604 seconds.
Begin MonoManager ReloadAssembly
Native extension for WindowsStandalone target not found
Refreshing native plugins compatible for Editor in 0.22 ms, found 0 plugins.
Preloading 0 native plugins for Editor in 0.00 ms.
Mono: successfully reloaded assembly
- Completed reload, in  1.076 seconds
Platform modules already initialized, skipping
========================================================================
Worker process is ready to serve import requests
Launched and connected shader compiler UnityShaderCompiler.exe after 0.21 seconds
Refreshing native plugins compatible for Editor in 0.26 ms, found 0 plugins.
Preloading 0 native plugins for Editor in 0.00 ms.
Unloading 1124 Unused Serialized files (Serialized files now loaded: 0)
System memory in use before: 57.4 MB.
System memory in use after: 57.4 MB.

Unloading 9 unused Assets to reduce memory usage. Loaded Objects now: 1567.
Total: 1.815600 ms (FindLiveObjects: 0.144600 ms CreateObjectMapping: 0.046600 ms MarkObjects: 1.553200 ms  DeleteObjects: 0.070000 ms)

========================================================================
Received Import Request.
  path: Assets/Script/Spawner.cs
  artifactKey: Guid(6f57b037019210843a53c99a1d7a8c5b) Importer(815301076,1909f56bfc062723c751e8b465ee728b)
Start importing Assets/Script/Spawner.cs using Guid(6f57b037019210843a53c99a1d7a8c5b) Importer(815301076,1909f56bfc062723c751e8b465ee728b)  -> (artifact id: 'a764c80c2451bc4c6fd985f4a40b759a') in 0.201156 seconds
  Import took 0.219032 seconds .

========================================================================
Received Prepare
Registering precompiled user dll's ...
Registered in 0.000565 seconds.
Begin MonoManager ReloadAssembly
Native extension for WindowsStandalone target not found
Refreshing native plugins compatible for Editor in 0.23 ms, found 0 plugins.
Preloading 0 native plugins for Editor in 0.00 ms.
Mono: successfully reloaded assembly
- Completed reload, in  1.013 seconds
Platform modules already initialized, skipping
Refreshing native plugins compatible for Editor in 0.30 ms, found 0 plugins.
Preloading 0 native plugins for Editor in 0.00 ms.
Unloading 1118 Unused Serialized files (Serialized files now loaded: 0)
System memory in use before: 57.2 MB.
System memory in use after: 57.3 MB.

Unloading 4 unused Assets to reduce memory usage. Loaded Objects now: 1570.
Total: 1.971800 ms (FindLiveObjects: 0.143700 ms CreateObjectMapping: 0.043700 ms MarkObjects: 1.763500 ms  DeleteObjects: 0.019200 ms)

========================================================================
Received Import Request.
  Time since last request: 3347.162717 seconds.
  path: Assets/Script/Spawner.cs
  artifactKey: Guid(6f57b037019210843a53c99a1d7a8c5b) Importer(815301076,1909f56bfc062723c751e8b465ee728b)
Start importing Assets/Script/Spawner.cs using Guid(6f57b037019210843a53c99a1d7a8c5b) Importer(815301076,1909f56bfc062723c751e8b465ee728b)  -> (artifact id: 'b2350d16a5cd9834c04265e998e93115') in 0.004233 seconds
  Import took 0.014873 seconds .

========================================================================
Received Import Request.
  Time since last request: 2.744937 seconds.
  path: Assets/Prefabs/Enemy.prefab
  artifactKey: Guid(26b4cd939453abd47a15dc9a746fa6c1) Importer(815301076,1909f56bfc062723c751e8b465ee728b)
Start importing Assets/Prefabs/Enemy.prefab using Guid(26b4cd939453abd47a15dc9a746fa6c1) Importer(815301076,1909f56bfc062723c751e8b465ee728b)  -> (artifact id: 'cb1fd08bffb87fcdbdc3c8a5ec4f1bf1') in 0.281635 seconds
  Import took 0.300326 seconds .

========================================================================
Received Prepare
Registering precompiled user dll's ...
Registered in 0.000654 seconds.
Begin MonoManager ReloadAssembly
Native extension for WindowsStandalone target not found
Refreshing native plugins compatible for Editor in 0.27 ms, found 0 plugins.
Preloading 0 native plugins for Editor in 0.00 ms.
Mono: successfully reloaded assembly
- Completed reload, in  1.021 seconds
Platform modules already initialized, skipping
Refreshing native plugins compatible for Editor in 1.06 ms, found 0 plugins.
Preloading 0 native plugins for Editor in 0.00 ms.
Unloading 1118 Unused Serialized files (Serialized files now loaded: 0)
System memory in use before: 60.4 MB.
System memory in use after: 60.5 MB.

Unloading 4 unused Assets to reduce memory usage. Loaded Objects now: 1581.
Total: 2.966300 ms (FindLiveObjects: 0.702900 ms CreateObjectMapping: 0.115400 ms MarkObjects: 2.110200 ms  DeleteObjects: 0.034200 ms)

========================================================================
Received Prepare
Registering precompiled user dll's ...
Registered in 0.000532 seconds.
Begin MonoManager ReloadAssembly
Native extension for WindowsStandalone target not found
Refreshing native plugins compatible for Editor in 0.23 ms, found 0 plugins.
Preloading 0 native plugins for Editor in 0.00 ms.
Mono: successfully reloaded assembly
- Completed reload, in  0.932 seconds
Platform modules already initialized, skipping
Refreshing native plugins compatible for Editor in 0.30 ms, found 0 plugins.
Preloading 0 native plugins for Editor in 0.00 ms.
Unloading 1118 Unused Serialized files (Serialized files now loaded: 0)
System memory in use before: 60.4 MB.
System memory in use after: 60.5 MB.

Unloading 4 unused Assets to reduce memory usage. Loaded Objects now: 1584.
Total: 1.842600 ms (FindLiveObjects: 0.178900 ms CreateObjectMapping: 0.055900 ms MarkObjects: 1.589000 ms  DeleteObjects: 0.016200 ms)

========================================================================
Received Prepare
Registering precompiled user dll's ...
Registered in 0.001842 seconds.
Begin MonoManager ReloadAssembly
Native extension for WindowsStandalone target not found
Refreshing native plugins compatible for Editor in 0.31 ms, found 0 plugins.
Preloading 0 native plugins for Editor in 0.00 ms.
Mono: successfully reloaded assembly
- Completed reload, in  0.977 seconds
Platform modules already initialized, skipping
Refreshing native plugins compatible for Editor in 0.25 ms, found 0 plugins.
Preloading 0 native plugins for Editor in 0.00 ms.
Unloading 1118 Unused Serialized files (Serialized files now loaded: 0)
System memory in use before: 60.4 MB.
System memory in use after: 60.5 MB.

Unloading 4 unused Assets to reduce memory usage. Loaded Objects now: 1587.
Total: 1.830100 ms (FindLiveObjects: 0.149700 ms CreateObjectMapping: 0.043700 ms MarkObjects: 1.621700 ms  DeleteObjects: 0.013900 ms)

========================================================================
Received Import Request.
  Time since last request: 136.685062 seconds.
  path: Assets/Prefabs/Enemy.prefab
  artifactKey: Guid(26b4cd939453abd47a15dc9a746fa6c1) Importer(815301076,1909f56bfc062723c751e8b465ee728b)
Start importing Assets/Prefabs/Enemy.prefab using Guid(26b4cd939453abd47a15dc9a746fa6c1) Importer(815301076,1909f56bfc062723c751e8b465ee728b)  -> (artifact id: '3294bd3367f47a3e66b54b8523f3ea2b') in 0.065048 seconds
  Import took 0.076915 seconds .

========================================================================
Received Prepare
Registering precompiled user dll's ...
Registered in 0.000513 seconds.
Begin MonoManager ReloadAssembly
Native extension for WindowsStandalone target not found
Refreshing native plugins compatible for Editor in 0.27 ms, found 0 plugins.
Preloading 0 native plugins for Editor in 0.00 ms.
Mono: successfully reloaded assembly
- Completed reload, in  1.054 seconds
Platform modules already initialized, skipping
Refreshing native plugins compatible for Editor in 0.32 ms, found 0 plugins.
Preloading 0 native plugins for Editor in 0.00 ms.
Unloading 1118 Unused Serialized files (Serialized files now loaded: 0)
System memory in use before: 60.4 MB.
System memory in use after: 60.5 MB.

Unloading 4 unused Assets to reduce memory usage. Loaded Objects now: 1591.
Total: 7.415000 ms (FindLiveObjects: 0.737600 ms CreateObjectMapping: 0.656400 ms MarkObjects: 5.983400 ms  DeleteObjects: 0.033300 ms)

========================================================================
Received Import Request.
  Time since last request: 18.991559 seconds.
  path: Assets/Prefabs/Enemy.prefab
  artifactKey: Guid(26b4cd939453abd47a15dc9a746fa6c1) Importer(815301076,1909f56bfc062723c751e8b465ee728b)
Start importing Assets/Prefabs/Enemy.prefab using Guid(26b4cd939453abd47a15dc9a746fa6c1) Importer(815301076,1909f56bfc062723c751e8b465ee728b)  -> (artifact id: '8b68bb1b715cbe8c829f2e9720c8bcd6') in 0.216592 seconds
  Import took 0.237066 seconds .

========================================================================
Received Prepare
Registering precompiled user dll's ...
Registered in 0.000572 seconds.
Begin MonoManager ReloadAssembly
Native extension for WindowsStandalone target not found
Refreshing native plugins compatible for Editor in 0.27 ms, found 0 plugins.
Preloading 0 native plugins for Editor in 0.00 ms.
Mono: successfully reloaded assembly
- Completed reload, in  1.040 seconds
Platform modules already initialized, skipping
Refreshing native plugins compatible for Editor in 0.25 ms, found 0 plugins.
Preloading 0 native plugins for Editor in 0.00 ms.
Unloading 1118 Unused Serialized files (Serialized files now loaded: 0)
System memory in use before: 60.4 MB.
System memory in use after: 60.5 MB.

Unloading 4 unused Assets to reduce memory usage. Loaded Objects now: 1595.
Total: 2.824800 ms (FindLiveObjects: 0.176500 ms CreateObjectMapping: 0.054200 ms MarkObjects: 2.573900 ms  DeleteObjects: 0.018100 ms)

========================================================================
Received Prepare
Registering precompiled user dll's ...
Registered in 0.000561 seconds.
Begin MonoManager ReloadAssembly
Native extension for WindowsStandalone target not found
Refreshing native plugins compatible for Editor in 0.24 ms, found 0 plugins.
Preloading 0 native plugins for Editor in 0.01 ms.
Mono: successfully reloaded assembly
- Completed reload, in  0.916 seconds
Platform modules already initialized, skipping
Refreshing native plugins compatible for Editor in 0.27 ms, found 0 plugins.
Preloading 0 native plugins for Editor in 0.00 ms.
Unloading 1118 Unused Serialized files (Serialized files now loaded: 0)
System memory in use before: 60.4 MB.
System memory in use after: 60.5 MB.

Unloading 4 unused Assets to reduce memory usage. Loaded Objects now: 1598.
Total: 1.850500 ms (FindLiveObjects: 0.150900 ms CreateObjectMapping: 0.050200 ms MarkObjects: 1.630900 ms  DeleteObjects: 0.016300 ms)

========================================================================
Received Import Request.
  Time since last request: 307.061722 seconds.
  path: Assets/Script/Bullet.cs
  artifactKey: Guid(b6a39c424dea0fc42bfe4dcdaa26a372) Importer(815301076,1909f56bfc062723c751e8b465ee728b)
Start importing Assets/Script/Bullet.cs using Guid(b6a39c424dea0fc42bfe4dcdaa26a372) Importer(815301076,1909f56bfc062723c751e8b465ee728b)  -> (artifact id: '29106c577390ea7b31fc811fae329795') in 0.010280 seconds
  Import took 0.047224 seconds .

========================================================================
Received Import Request.
  Time since last request: 0.024985 seconds.
  path: Assets/Script/Bullet.cs
  artifactKey: Guid(b6a39c424dea0fc42bfe4dcdaa26a372) Importer(815301076,1909f56bfc062723c751e8b465ee728b)
Start importing Assets/Script/Bullet.cs using Guid(b6a39c424dea0fc42bfe4dcdaa26a372) Importer(815301076,1909f56bfc062723c751e8b465ee728b)  -> (artifact id: '29106c577390ea7b31fc811fae329795') in 0.010300 seconds
  Import took 0.021543 seconds .

========================================================================
Received Prepare
Registering precompiled user dll's ...
Registered in 0.000550 seconds.
Begin MonoManager ReloadAssembly
Native extension for WindowsStandalone target not found
Refreshing native plugins compatible for Editor in 0.23 ms, found 0 plugins.
Preloading 0 native plugins for Editor in 0.00 ms.
Mono: successfully reloaded assembly
- Completed reload, in  1.015 seconds
Platform modules already initialized, skipping
Refreshing native plugins compatible for Editor in 0.27 ms, found 0 plugins.
Preloading 0 native plugins for Editor in 0.00 ms.
Unloading 1118 Unused Serialized files (Serialized files now loaded: 0)
System memory in use before: 60.4 MB.
System memory in use after: 60.5 MB.

Unloading 4 unused Assets to reduce memory usage. Loaded Objects now: 1601.
Total: 1.896700 ms (FindLiveObjects: 0.157100 ms CreateObjectMapping: 0.047400 ms MarkObjects: 1.671900 ms  DeleteObjects: 0.018000 ms)

========================================================================
Received Import Request.
  Time since last request: 469.076811 seconds.
  path: Assets/Script/Bullet.cs
  artifactKey: Guid(b6a39c424dea0fc42bfe4dcdaa26a372) Importer(815301076,1909f56bfc062723c751e8b465ee728b)
Start importing Assets/Script/Bullet.cs using Guid(b6a39c424dea0fc42bfe4dcdaa26a372) Importer(815301076,1909f56bfc062723c751e8b465ee728b)  -> (artifact id: '345d2edc0c53792d9effa604a4dfa39e') in 0.004188 seconds
  Import took 0.018481 seconds .

========================================================================
Received Prepare
Registering precompiled user dll's ...
Registered in 0.000776 seconds.
Begin MonoManager ReloadAssembly
Native extension for WindowsStandalone target not found
Refreshing native plugins compatible for Editor in 0.23 ms, found 0 plugins.
Preloading 0 native plugins for Editor in 0.00 ms.
Mono: successfully reloaded assembly
- Completed reload, in  0.981 seconds
Platform modules already initialized, skipping
Refreshing native plugins compatible for Editor in 0.33 ms, found 0 plugins.
Preloading 0 native plugins for Editor in 0.00 ms.
Unloading 1118 Unused Serialized files (Serialized files now loaded: 0)
System memory in use before: 60.4 MB.
System memory in use after: 60.5 MB.

Unloading 4 unused Assets to reduce memory usage. Loaded Objects now: 1604.
Total: 2.314300 ms (FindLiveObjects: 0.281500 ms CreateObjectMapping: 0.097000 ms MarkObjects: 1.912700 ms  DeleteObjects: 0.020100 ms)

========================================================================
Received Prepare
Registering precompiled user dll's ...
Registered in 0.000821 seconds.
Begin MonoManager ReloadAssembly
Native extension for WindowsStandalone target not found
Refreshing native plugins compatible for Editor in 0.23 ms, found 0 plugins.
Preloading 0 native plugins for Editor in 0.00 ms.
Mono: successfully reloaded assembly
- Completed reload, in  1.002 seconds
Platform modules already initialized, skipping
Refreshing native plugins compatible for Editor in 0.28 ms, found 0 plugins.
Preloading 0 native plugins for Editor in 0.00 ms.
Unloading 1118 Unused Serialized files (Serialized files now loaded: 0)
System memory in use before: 60.4 MB.
System memory in use after: 60.5 MB.

Unloading 4 unused Assets to reduce memory usage. Loaded Objects now: 1607.
Total: 2.162400 ms (FindLiveObjects: 0.230800 ms CreateObjectMapping: 0.151500 ms MarkObjects: 1.760400 ms  DeleteObjects: 0.018000 ms)

========================================================================
Received Import Request.
  Time since last request: 67.117387 seconds.
  path: Assets/Script/Bullet.cs
  artifactKey: Guid(b6a39c424dea0fc42bfe4dcdaa26a372) Importer(815301076,1909f56bfc062723c751e8b465ee728b)
Start importing Assets/Script/Bullet.cs using Guid(b6a39c424dea0fc42bfe4dcdaa26a372) Importer(815301076,1909f56bfc062723c751e8b465ee728b)  -> (artifact id: '6e836afc4cc66b7e26bbf41bafbca074') in 0.006623 seconds
  Import took 0.020903 seconds .

========================================================================
Received Prepare
Registering precompiled user dll's ...
Registered in 0.000595 seconds.
Begin MonoManager ReloadAssembly
Native extension for WindowsStandalone target not found
Refreshing native plugins compatible for Editor in 0.38 ms, found 0 plugins.
Preloading 0 native plugins for Editor in 0.00 ms.
Mono: successfully reloaded assembly
- Completed reload, in  0.977 seconds
Platform modules already initialized, skipping
Refreshing native plugins compatible for Editor in 0.31 ms, found 0 plugins.
Preloading 0 native plugins for Editor in 0.00 ms.
Unloading 1118 Unused Serialized files (Serialized files now loaded: 0)
System memory in use before: 60.5 MB.
System memory in use after: 60.6 MB.

Unloading 4 unused Assets to reduce memory usage. Loaded Objects now: 1610.
Total: 1.857500 ms (FindLiveObjects: 0.168600 ms CreateObjectMapping: 0.047700 ms MarkObjects: 1.619800 ms  DeleteObjects: 0.018200 ms)

========================================================================
Received Import Request.
  Time since last request: 105.278732 seconds.
  path: Assets/Script/Bullet.cs
  artifactKey: Guid(b6a39c424dea0fc42bfe4dcdaa26a372) Importer(815301076,1909f56bfc062723c751e8b465ee728b)
Start importing Assets/Script/Bullet.cs using Guid(b6a39c424dea0fc42bfe4dcdaa26a372) Importer(815301076,1909f56bfc062723c751e8b465ee728b)  -> (artifact id: '4b8d14ecfd3b1d242da9da17e6bbf460') in 0.005710 seconds
  Import took 0.016282 seconds .

========================================================================
Received Import Request.
  Time since last request: 1.346772 seconds.
  path: Assets/Script/Bullet.cs
  artifactKey: Guid(b6a39c424dea0fc42bfe4dcdaa26a372) Importer(815301076,1909f56bfc062723c751e8b465ee728b)
Start importing Assets/Script/Bullet.cs using Guid(b6a39c424dea0fc42bfe4dcdaa26a372) Importer(815301076,1909f56bfc062723c751e8b465ee728b)  -> (artifact id: '4b8d14ecfd3b1d242da9da17e6bbf460') in 0.001909 seconds
  Import took 0.004188 seconds .

========================================================================
Received Prepare
Registering precompiled user dll's ...
Registered in 0.000654 seconds.
Begin MonoManager ReloadAssembly
Native extension for WindowsStandalone target not found
Refreshing native plugins compatible for Editor in 0.39 ms, found 0 plugins.
Preloading 0 native plugins for Editor in 0.00 ms.
Mono: successfully reloaded assembly
- Completed reload, in  0.938 seconds
Platform modules already initialized, skipping
Refreshing native plugins compatible for Editor in 0.35 ms, found 0 plugins.
Preloading 0 native plugins for Editor in 0.00 ms.
Unloading 1118 Unused Serialized files (Serialized files now loaded: 0)
System memory in use before: 60.5 MB.
System memory in use after: 60.6 MB.

Unloading 4 unused Assets to reduce memory usage. Loaded Objects now: 1613.
Total: 2.656900 ms (FindLiveObjects: 0.196700 ms CreateObjectMapping: 0.087300 ms MarkObjects: 2.351700 ms  DeleteObjects: 0.019200 ms)

========================================================================
Received Prepare
Registering precompiled user dll's ...
Registered in 0.000566 seconds.
Begin MonoManager ReloadAssembly
Native extension for WindowsStandalone target not found
Refreshing native plugins compatible for Editor in 0.23 ms, found 0 plugins.
Preloading 0 native plugins for Editor in 0.00 ms.
Mono: successfully reloaded assembly
- Completed reload, in  0.986 seconds
Platform modules already initialized, skipping
Refreshing native plugins compatible for Editor in 0.27 ms, found 0 plugins.
Preloading 0 native plugins for Editor in 0.00 ms.
Unloading 1118 Unused Serialized files (Serialized files now loaded: 0)
System memory in use before: 60.5 MB.
System memory in use after: 60.6 MB.

Unloading 4 unused Assets to reduce memory usage. Loaded Objects now: 1616.
Total: 2.096900 ms (FindLiveObjects: 0.143200 ms CreateObjectMapping: 0.045400 ms MarkObjects: 1.889100 ms  DeleteObjects: 0.017600 ms)

========================================================================
Received Prepare
Registering precompiled user dll's ...
Registered in 0.001157 seconds.
Begin MonoManager ReloadAssembly
Native extension for WindowsStandalone target not found
Refreshing native plugins compatible for Editor in 0.23 ms, found 0 plugins.
Preloading 0 native plugins for Editor in 0.00 ms.
Mono: successfully reloaded assembly
- Completed reload, in  0.951 seconds
Platform modules already initialized, skipping
Refreshing native plugins compatible for Editor in 0.65 ms, found 0 plugins.
Preloading 0 native plugins for Editor in 0.00 ms.
Unloading 1118 Unused Serialized files (Serialized files now loaded: 0)
System memory in use before: 60.5 MB.
System memory in use after: 60.6 MB.

Unloading 4 unused Assets to reduce memory usage. Loaded Objects now: 1619.
Total: 4.989100 ms (FindLiveObjects: 0.699500 ms CreateObjectMapping: 0.119000 ms MarkObjects: 4.074500 ms  DeleteObjects: 0.092500 ms)

========================================================================
Received Prepare
Registering precompiled user dll's ...
Registered in 0.000509 seconds.
Begin MonoManager ReloadAssembly
Native extension for WindowsStandalone target not found
Refreshing native plugins compatible for Editor in 0.23 ms, found 0 plugins.
Preloading 0 native plugins for Editor in 0.00 ms.
Mono: successfully reloaded assembly
- Completed reload, in  1.021 seconds
Platform modules already initialized, skipping
Refreshing native plugins compatible for Editor in 0.27 ms, found 0 plugins.
Preloading 0 native plugins for Editor in 0.00 ms.
Unloading 1118 Unused Serialized files (Serialized files now loaded: 0)
System memory in use before: 60.5 MB.
System memory in use after: 60.6 MB.

Unloading 4 unused Assets to reduce memory usage. Loaded Objects now: 1622.
Total: 2.285400 ms (FindLiveObjects: 0.229500 ms CreateObjectMapping: 0.090100 ms MarkObjects: 1.945100 ms  DeleteObjects: 0.018500 ms)

========================================================================
Received Prepare
Registering precompiled user dll's ...
Registered in 0.000640 seconds.
Begin MonoManager ReloadAssembly
Native extension for WindowsStandalone target not found
Refreshing native plugins compatible for Editor in 0.35 ms, found 0 plugins.
Preloading 0 native plugins for Editor in 0.00 ms.
Mono: successfully reloaded assembly
- Completed reload, in  0.933 seconds
Platform modules already initialized, skipping
Refreshing native plugins compatible for Editor in 4.70 ms, found 0 plugins.
Preloading 0 native plugins for Editor in 0.00 ms.
Unloading 1118 Unused Serialized files (Serialized files now loaded: 0)
System memory in use before: 60.5 MB.
System memory in use after: 60.6 MB.

Unloading 4 unused Assets to reduce memory usage. Loaded Objects now: 1625.
Total: 1.874600 ms (FindLiveObjects: 0.168000 ms CreateObjectMapping: 0.072700 ms MarkObjects: 1.618800 ms  DeleteObjects: 0.013800 ms)

========================================================================
Received Import Request.
  Time since last request: 1500.877410 seconds.
  path: Assets/Prefabs/Buttle.prefab
  artifactKey: Guid(da43575608a3e014cb66c7255c54deaa) Importer(815301076,1909f56bfc062723c751e8b465ee728b)
Start importing Assets/Prefabs/Buttle.prefab using Guid(da43575608a3e014cb66c7255c54deaa) Importer(815301076,1909f56bfc062723c751e8b465ee728b)  -> (artifact id: '9fed31f4dd2f87a4b247ee0bab67d354') in 0.139059 seconds
  Import took 0.149567 seconds .

========================================================================
Received Prepare
Registering precompiled user dll's ...
Registered in 0.000639 seconds.
Begin MonoManager ReloadAssembly
Native extension for WindowsStandalone target not found
Refreshing native plugins compatible for Editor in 0.23 ms, found 0 plugins.
Preloading 0 native plugins for Editor in 0.00 ms.
Mono: successfully reloaded assembly
- Completed reload, in  0.969 seconds
Platform modules already initialized, skipping
Refreshing native plugins compatible for Editor in 0.25 ms, found 0 plugins.
Preloading 0 native plugins for Editor in 0.00 ms.
Unloading 1118 Unused Serialized files (Serialized files now loaded: 0)
System memory in use before: 60.5 MB.
System memory in use after: 60.6 MB.

Unloading 4 unused Assets to reduce memory usage. Loaded Objects now: 1630.
Total: 2.109400 ms (FindLiveObjects: 0.230000 ms CreateObjectMapping: 0.099300 ms MarkObjects: 1.762100 ms  DeleteObjects: 0.016400 ms)

========================================================================
Received Import Request.
  Time since last request: 66.744577 seconds.
  path: Assets/Prefabs/Gun.prefab
  artifactKey: Guid(04b08ca25ffb35745804043abf615b32) Importer(815301076,1909f56bfc062723c751e8b465ee728b)
Start importing Assets/Prefabs/Gun.prefab using Guid(04b08ca25ffb35745804043abf615b32) Importer(815301076,1909f56bfc062723c751e8b465ee728b)  -> (artifact id: '9a67bd72d64d5f4ab975975fab10b37c') in 0.100189 seconds
  Import took 0.118767 seconds .

========================================================================
Received Import Request.
  Time since last request: 2.643055 seconds.
  path: Assets/Prefabs/Gun.prefab
  artifactKey: Guid(04b08ca25ffb35745804043abf615b32) Importer(815301076,1909f56bfc062723c751e8b465ee728b)
Start importing Assets/Prefabs/Gun.prefab using Guid(04b08ca25ffb35745804043abf615b32) Importer(815301076,1909f56bfc062723c751e8b465ee728b)  -> (artifact id: 'cbd36f16811cf09d2c3034c9174377ba') in 0.022683 seconds
  Import took 0.026761 seconds .

========================================================================
Received Import Request.
  Time since last request: 16.615587 seconds.
  path: Assets/Prefabs/Gun.prefab
  artifactKey: Guid(04b08ca25ffb35745804043abf615b32) Importer(815301076,1909f56bfc062723c751e8b465ee728b)
Start importing Assets/Prefabs/Gun.prefab using Guid(04b08ca25ffb35745804043abf615b32) Importer(815301076,1909f56bfc062723c751e8b465ee728b)  -> (artifact id: '018dcf6da672b91ccfb42b3ab7422dc6') in 0.021212 seconds
  Import took 0.035100 seconds .

========================================================================
Received Import Request.
  Time since last request: 2.439713 seconds.
  path: Assets/Prefabs/Gun.prefab
  artifactKey: Guid(04b08ca25ffb35745804043abf615b32) Importer(815301076,1909f56bfc062723c751e8b465ee728b)
Start importing Assets/Prefabs/Gun.prefab using Guid(04b08ca25ffb35745804043abf615b32) Importer(815301076,1909f56bfc062723c751e8b465ee728b)  -> (artifact id: 'bf36c2a8a85d3ef2c683957640217712') in 0.018967 seconds
  Import took 0.030764 seconds .

========================================================================
Received Import Request.
  Time since last request: 3.528233 seconds.
  path: Assets/Prefabs/Gun.prefab
  artifactKey: Guid(04b08ca25ffb35745804043abf615b32) Importer(815301076,1909f56bfc062723c751e8b465ee728b)
Start importing Assets/Prefabs/Gun.prefab using Guid(04b08ca25ffb35745804043abf615b32) Importer(815301076,1909f56bfc062723c751e8b465ee728b)  -> (artifact id: '1b01e6f2c115dbb0ed8896a24a57a689') in 0.017278 seconds
  Import took 0.027492 seconds .

========================================================================
Received Import Request.
  Time since last request: 2.832727 seconds.
  path: Assets/Prefabs/Gun.prefab
  artifactKey: Guid(04b08ca25ffb35745804043abf615b32) Importer(815301076,1909f56bfc062723c751e8b465ee728b)
Start importing Assets/Prefabs/Gun.prefab using Guid(04b08ca25ffb35745804043abf615b32) Importer(815301076,1909f56bfc062723c751e8b465ee728b)  -> (artifact id: '807ce6fe5287f07268045af63b720464') in 0.016591 seconds
  Import took 0.019711 seconds .

========================================================================
Received Import Request.
  Time since last request: 5.510379 seconds.
  path: Assets/Prefabs/Gun.prefab
  artifactKey: Guid(04b08ca25ffb35745804043abf615b32) Importer(815301076,1909f56bfc062723c751e8b465ee728b)
Start importing Assets/Prefabs/Gun.prefab using Guid(04b08ca25ffb35745804043abf615b32) Importer(815301076,1909f56bfc062723c751e8b465ee728b)  -> (artifact id: '1650366c05a62318514c0cb534ae1860') in 0.033705 seconds
  Import took 0.055516 seconds .

========================================================================
Received Import Request.
  Time since last request: 7.677466 seconds.
  path: Assets/Prefabs/Gun.prefab
  artifactKey: Guid(04b08ca25ffb35745804043abf615b32) Importer(815301076,1909f56bfc062723c751e8b465ee728b)
Start importing Assets/Prefabs/Gun.prefab using Guid(04b08ca25ffb35745804043abf615b32) Importer(815301076,1909f56bfc062723c751e8b465ee728b)  -> (artifact id: 'aefcd97f4b58cba2679db72a2e197771') in 0.019906 seconds
  Import took 0.033707 seconds .

========================================================================
Received Import Request.
  Time since last request: 6.469136 seconds.
  path: Assets/Prefabs/Gun.prefab
  artifactKey: Guid(04b08ca25ffb35745804043abf615b32) Importer(815301076,1909f56bfc062723c751e8b465ee728b)
Start importing Assets/Prefabs/Gun.prefab using Guid(04b08ca25ffb35745804043abf615b32) Importer(815301076,1909f56bfc062723c751e8b465ee728b)  -> (artifact id: '5acb766db45c816e6b0dddd533d97a03') in 0.043785 seconds
  Import took 0.046950 seconds .

========================================================================
Received Import Request.
  Time since last request: 13.429179 seconds.
  path: Assets/Prefabs/Buttle.prefab
  artifactKey: Guid(da43575608a3e014cb66c7255c54deaa) Importer(815301076,1909f56bfc062723c751e8b465ee728b)
Start importing Assets/Prefabs/Buttle.prefab using Guid(da43575608a3e014cb66c7255c54deaa) Importer(815301076,1909f56bfc062723c751e8b465ee728b)  -> (artifact id: 'b23ae597445f1328e8d6c738d015df10') in 0.016484 seconds
  Import took 0.023860 seconds .

========================================================================
Received Import Request.
  Time since last request: 0.000252 seconds.
  path: Assets/Prefabs/Gun.prefab
  artifactKey: Guid(04b08ca25ffb35745804043abf615b32) Importer(815301076,1909f56bfc062723c751e8b465ee728b)
Start importing Assets/Prefabs/Gun.prefab using Guid(04b08ca25ffb35745804043abf615b32) Importer(815301076,1909f56bfc062723c751e8b465ee728b)  -> (artifact id: '495bb2e7806a4043d2acceb0db844f18') in 0.015903 seconds
  Import took 0.018588 seconds .

========================================================================
Received Import Request.
  Time since last request: 27.453280 seconds.
  path: Assets/Prefabs/Buttle.prefab
  artifactKey: Guid(da43575608a3e014cb66c7255c54deaa) Importer(815301076,1909f56bfc062723c751e8b465ee728b)
Start importing Assets/Prefabs/Buttle.prefab using Guid(da43575608a3e014cb66c7255c54deaa) Importer(815301076,1909f56bfc062723c751e8b465ee728b)  -> (artifact id: '386af5533f64704603ca126d5b49e7fe') in 0.016589 seconds
  Import took 0.019693 seconds .

========================================================================
Received Import Request.
  Time since last request: 8.103003 seconds.
  path: Assets/Prefabs/Buttle.prefab
  artifactKey: Guid(da43575608a3e014cb66c7255c54deaa) Importer(815301076,1909f56bfc062723c751e8b465ee728b)
Start importing Assets/Prefabs/Buttle.prefab using Guid(da43575608a3e014cb66c7255c54deaa) Importer(815301076,1909f56bfc062723c751e8b465ee728b)  -> (artifact id: '71bd44162e64d2d0087d645bda8f3e91') in 0.016164 seconds
  Import took 0.025483 seconds .

========================================================================
Received Import Request.
  Time since last request: 10.242954 seconds.
  path: Assets/Prefabs/Buttle.prefab
  artifactKey: Guid(da43575608a3e014cb66c7255c54deaa) Importer(815301076,1909f56bfc062723c751e8b465ee728b)
Start importing Assets/Prefabs/Buttle.prefab using Guid(da43575608a3e014cb66c7255c54deaa) Importer(815301076,1909f56bfc062723c751e8b465ee728b)  -> (artifact id: 'e473643a120829a6ea338b8023fb1aee') in 0.027125 seconds
  Import took 0.041282 seconds .

========================================================================
Received Prepare
Registering precompiled user dll's ...
Registered in 0.000936 seconds.
Begin MonoManager ReloadAssembly
Native extension for WindowsStandalone target not found
Refreshing native plugins compatible for Editor in 0.23 ms, found 0 plugins.
Preloading 0 native plugins for Editor in 0.00 ms.
Mono: successfully reloaded assembly
- Completed reload, in  0.924 seconds
Platform modules already initialized, skipping
Refreshing native plugins compatible for Editor in 0.29 ms, found 0 plugins.
Preloading 0 native plugins for Editor in 0.00 ms.
Unloading 1118 Unused Serialized files (Serialized files now loaded: 0)
System memory in use before: 60.5 MB.
System memory in use after: 60.6 MB.

Unloading 4 unused Assets to reduce memory usage. Loaded Objects now: 1634.
Total: 2.072100 ms (FindLiveObjects: 0.191400 ms CreateObjectMapping: 0.102300 ms MarkObjects: 1.757200 ms  DeleteObjects: 0.018700 ms)

========================================================================
Received Prepare
Registering precompiled user dll's ...
Registered in 0.000664 seconds.
Begin MonoManager ReloadAssembly
Native extension for WindowsStandalone target not found
Refreshing native plugins compatible for Editor in 0.42 ms, found 0 plugins.
Preloading 0 native plugins for Editor in 0.00 ms.
Mono: successfully reloaded assembly
- Completed reload, in  1.061 seconds
Platform modules already initialized, skipping
Refreshing native plugins compatible for Editor in 0.26 ms, found 0 plugins.
Preloading 0 native plugins for Editor in 0.00 ms.
Unloading 1118 Unused Serialized files (Serialized files now loaded: 0)
System memory in use before: 60.5 MB.
System memory in use after: 60.6 MB.

Unloading 4 unused Assets to reduce memory usage. Loaded Objects now: 1637.
Total: 1.636400 ms (FindLiveObjects: 0.140900 ms CreateObjectMapping: 0.044700 ms MarkObjects: 1.436500 ms  DeleteObjects: 0.012800 ms)

========================================================================
Received Prepare
Registering precompiled user dll's ...
Registered in 0.000870 seconds.
Begin MonoManager ReloadAssembly
Native extension for WindowsStandalone target not found
Refreshing native plugins compatible for Editor in 0.24 ms, found 0 plugins.
Preloading 0 native plugins for Editor in 0.00 ms.
Mono: successfully reloaded assembly
- Completed reload, in  1.199 seconds
Platform modules already initialized, skipping
Refreshing native plugins compatible for Editor in 0.26 ms, found 0 plugins.
Preloading 0 native plugins for Editor in 0.00 ms.
Unloading 1118 Unused Serialized files (Serialized files now loaded: 0)
System memory in use before: 60.5 MB.
System memory in use after: 60.6 MB.

Unloading 4 unused Assets to reduce memory usage. Loaded Objects now: 1640.
Total: 1.886700 ms (FindLiveObjects: 0.214600 ms CreateObjectMapping: 0.059000 ms MarkObjects: 1.594700 ms  DeleteObjects: 0.016600 ms)

========================================================================
Received Prepare
Registering precompiled user dll's ...
Registered in 0.000611 seconds.
Begin MonoManager ReloadAssembly
Native extension for WindowsStandalone target not found
Refreshing native plugins compatible for Editor in 0.31 ms, found 0 plugins.
Preloading 0 native plugins for Editor in 0.00 ms.
Mono: successfully reloaded assembly
- Completed reload, in  1.039 seconds
Platform modules already initialized, skipping
Refreshing native plugins compatible for Editor in 0.25 ms, found 0 plugins.
Preloading 0 native plugins for Editor in 0.00 ms.
Unloading 1118 Unused Serialized files (Serialized files now loaded: 0)
System memory in use before: 60.5 MB.
System memory in use after: 60.6 MB.

Unloading 4 unused Assets to reduce memory usage. Loaded Objects now: 1643.
Total: 1.778800 ms (FindLiveObjects: 0.196100 ms CreateObjectMapping: 0.053200 ms MarkObjects: 1.513400 ms  DeleteObjects: 0.014500 ms)

========================================================================
Received Prepare
Registering precompiled user dll's ...
Registered in 0.003467 seconds.
Begin MonoManager ReloadAssembly
Native extension for WindowsStandalone target not found
Refreshing native plugins compatible for Editor in 0.28 ms, found 0 plugins.
Preloading 0 native plugins for Editor in 0.00 ms.
Mono: successfully reloaded assembly
- Completed reload, in  0.963 seconds
Platform modules already initialized, skipping
Refreshing native plugins compatible for Editor in 0.27 ms, found 0 plugins.
Preloading 0 native plugins for Editor in 0.00 ms.
Unloading 1118 Unused Serialized files (Serialized files now loaded: 0)
System memory in use before: 60.6 MB.
System memory in use after: 60.7 MB.

Unloading 4 unused Assets to reduce memory usage. Loaded Objects now: 1646.
Total: 1.998900 ms (FindLiveObjects: 0.162700 ms CreateObjectMapping: 0.048700 ms MarkObjects: 1.767400 ms  DeleteObjects: 0.018200 ms)

========================================================================
Received Prepare
Registering precompiled user dll's ...
Registered in 0.000604 seconds.
Begin MonoManager ReloadAssembly
Native extension for WindowsStandalone target not found
Refreshing native plugins compatible for Editor in 0.24 ms, found 0 plugins.
Preloading 0 native plugins for Editor in 0.00 ms.
Mono: successfully reloaded assembly
- Completed reload, in  1.092 seconds
Platform modules already initialized, skipping
Refreshing native plugins compatible for Editor in 0.29 ms, found 0 plugins.
Preloading 0 native plugins for Editor in 0.00 ms.
Unloading 1118 Unused Serialized files (Serialized files now loaded: 0)
System memory in use before: 60.6 MB.
System memory in use after: 60.7 MB.

Unloading 4 unused Assets to reduce memory usage. Loaded Objects now: 1649.
Total: 2.387100 ms (FindLiveObjects: 0.185100 ms CreateObjectMapping: 0.067200 ms MarkObjects: 2.112900 ms  DeleteObjects: 0.019400 ms)

========================================================================
Received Prepare
Registering precompiled user dll's ...
Registered in 0.000782 seconds.
Begin MonoManager ReloadAssembly
Native extension for WindowsStandalone target not found
Refreshing native plugins compatible for Editor in 0.23 ms, found 0 plugins.
Preloading 0 native plugins for Editor in 0.00 ms.
Mono: successfully reloaded assembly
- Completed reload, in  0.923 seconds
Platform modules already initialized, skipping
Refreshing native plugins compatible for Editor in 0.26 ms, found 0 plugins.
Preloading 0 native plugins for Editor in 0.00 ms.
Unloading 1118 Unused Serialized files (Serialized files now loaded: 0)
System memory in use before: 60.6 MB.
System memory in use after: 60.7 MB.

Unloading 4 unused Assets to reduce memory usage. Loaded Objects now: 1652.
Total: 1.983400 ms (FindLiveObjects: 0.160900 ms CreateObjectMapping: 0.051100 ms MarkObjects: 1.753600 ms  DeleteObjects: 0.016500 ms)

========================================================================
Received Prepare
Registering precompiled user dll's ...
Registered in 0.000958 seconds.
Begin MonoManager ReloadAssembly
Native extension for WindowsStandalone target not found
Refreshing native plugins compatible for Editor in 0.27 ms, found 0 plugins.
Preloading 0 native plugins for Editor in 0.00 ms.
Mono: successfully reloaded assembly
- Completed reload, in  1.092 seconds
Platform modules already initialized, skipping
Refreshing native plugins compatible for Editor in 0.24 ms, found 0 plugins.
Preloading 0 native plugins for Editor in 0.00 ms.
Unloading 1118 Unused Serialized files (Serialized files now loaded: 0)
System memory in use before: 60.6 MB.
System memory in use after: 60.7 MB.

Unloading 4 unused Assets to reduce memory usage. Loaded Objects now: 1655.
Total: 4.614700 ms (FindLiveObjects: 0.268200 ms CreateObjectMapping: 0.374500 ms MarkObjects: 3.948500 ms  DeleteObjects: 0.020100 ms)

========================================================================
Received Prepare
Registering precompiled user dll's ...
Registered in 0.000544 seconds.
Begin MonoManager ReloadAssembly
Native extension for WindowsStandalone target not found
Refreshing native plugins compatible for Editor in 0.23 ms, found 0 plugins.
Preloading 0 native plugins for Editor in 0.00 ms.
Mono: successfully reloaded assembly
- Completed reload, in  1.014 seconds
Platform modules already initialized, skipping
Refreshing native plugins compatible for Editor in 0.25 ms, found 0 plugins.
Preloading 0 native plugins for Editor in 0.00 ms.
Unloading 1118 Unused Serialized files (Serialized files now loaded: 0)
System memory in use before: 60.6 MB.
System memory in use after: 60.7 MB.

Unloading 4 unused Assets to reduce memory usage. Loaded Objects now: 1658.
Total: 2.193800 ms (FindLiveObjects: 0.169400 ms CreateObjectMapping: 0.079500 ms MarkObjects: 1.926700 ms  DeleteObjects: 0.016500 ms)

========================================================================
Received Prepare
Registering precompiled user dll's ...
Registered in 0.000660 seconds.
Begin MonoManager ReloadAssembly
Native extension for WindowsStandalone target not found
Refreshing native plugins compatible for Editor in 0.81 ms, found 0 plugins.
Preloading 0 native plugins for Editor in 0.00 ms.
Mono: successfully reloaded assembly
- Completed reload, in  1.095 seconds
Platform modules already initialized, skipping
Refreshing native plugins compatible for Editor in 0.33 ms, found 0 plugins.
Preloading 0 native plugins for Editor in 0.00 ms.
Unloading 1118 Unused Serialized files (Serialized files now loaded: 0)
System memory in use before: 60.6 MB.
System memory in use after: 60.7 MB.

Unloading 4 unused Assets to reduce memory usage. Loaded Objects now: 1661.
Total: 2.037600 ms (FindLiveObjects: 0.180600 ms CreateObjectMapping: 0.059900 ms MarkObjects: 1.781000 ms  DeleteObjects: 0.014200 ms)

========================================================================
Received Prepare
Registering precompiled user dll's ...
Registered in 0.001151 seconds.
Begin MonoManager ReloadAssembly
Native extension for WindowsStandalone target not found
Refreshing native plugins compatible for Editor in 0.24 ms, found 0 plugins.
Preloading 0 native plugins for Editor in 0.00 ms.
Mono: successfully reloaded assembly
- Completed reload, in  1.309 seconds
Platform modules already initialized, skipping
Refreshing native plugins compatible for Editor in 0.27 ms, found 0 plugins.
Preloading 0 native plugins for Editor in 0.00 ms.
Unloading 1118 Unused Serialized files (Serialized files now loaded: 0)
System memory in use before: 60.6 MB.
System memory in use after: 60.7 MB.

Unloading 4 unused Assets to reduce memory usage. Loaded Objects now: 1664.
Total: 3.262600 ms (FindLiveObjects: 0.251600 ms CreateObjectMapping: 0.144700 ms MarkObjects: 2.440200 ms  DeleteObjects: 0.424000 ms)

AssetImportWorkerClient::OnTransportError - code=2 error=End of file
