Using pre-set license
Built from '2020.3/china_unity/release' branch; Version is '2020.3.8f1c1 (0b92326fa640) revision 758322'; Using compiler version '192528614'; Build Type 'Release'
OS: 'Windows 10 Pro; OS build 19044.1586; Version 2009; 64bit' Language: 'zh' Physical Memory: 8059 MB
BatchMode: 1, IsHumanControllingUs: 0, StartBugReporterOnCrash: 0, Is64bit: 1, IsPro: 0

 COMMAND LINE ARGUMENTS:
E:\Unity\Editor\Unity.exe
-adb2
-batchMode
-noUpm
-name
AssetImportWorker0
-projectPath
E:/Unity/Demo/YouTube_3D_TopView_Shooting
-logFile
Logs/AssetImportWorker0.log
-srvPort
52813
Successfully changed project path to: E:/Unity/Demo/YouTube_3D_TopView_Shooting
E:/Unity/Demo/YouTube_3D_TopView_Shooting
Using Asset Import Pipeline V2.
Refreshing native plugins compatible for Editor in 23.83 ms, found 0 plugins.
Preloading 0 native plugins for Editor in 0.00 ms.
Initialize engine version: 2020.3.8f1c1 (0b92326fa640)
[Subsystems] Discovering subsystems at path E:/Unity/Editor/Data/Resources/UnitySubsystems
[Subsystems] Discovering subsystems at path E:/Unity/Demo/YouTube_3D_TopView_Shooting/Assets
GfxDevice: creating device client; threaded=0
Direct3D:
    Version:  Direct3D 11.0 [level 11.1]
    Renderer: Intel(R) HD Graphics 4600 (ID=0x412)
    Vendor:   
    VRAM:     2048 MB
    Driver:   20.19.15.4531
Initialize mono
Mono path[0] = 'E:/Unity/Editor/Data/Managed'
Mono path[1] = 'E:/Unity/Editor/Data/MonoBleedingEdge/lib/mono/unityjit'
Mono config path = 'E:/Unity/Editor/Data/MonoBleedingEdge/etc'
Using monoOptions --debugger-agent=transport=dt_socket,embedding=1,server=y,suspend=n,address=127.0.0.1:56980
Begin MonoManager ReloadAssembly
Registering precompiled unity dll's ...
Register platform support module: E:/Unity/Editor/Data/PlaybackEngines/WindowsStandaloneSupport/UnityEditor.WindowsStandalone.Extensions.dll
Registered in 0.001180 seconds.
Native extension for WindowsStandalone target not found
Refreshing native plugins compatible for Editor in 24.36 ms, found 0 plugins.
Preloading 0 native plugins for Editor in 0.00 ms.
Mono: successfully reloaded assembly
- Completed reload, in  0.937 seconds
Platform modules already initialized, skipping
Registering precompiled user dll's ...
Registered in 0.000573 seconds.
Begin MonoManager ReloadAssembly
Native extension for WindowsStandalone target not found
Refreshing native plugins compatible for Editor in 0.23 ms, found 0 plugins.
Preloading 0 native plugins for Editor in 0.00 ms.
Mono: successfully reloaded assembly
- Completed reload, in  1.179 seconds
Platform modules already initialized, skipping
========================================================================
Worker process is ready to serve import requests
Launched and connected shader compiler UnityShaderCompiler.exe after 0.33 seconds
Refreshing native plugins compatible for Editor in 0.25 ms, found 0 plugins.
Preloading 0 native plugins for Editor in 0.00 ms.
Unloading 1121 Unused Serialized files (Serialized files now loaded: 0)
System memory in use before: 57.3 MB.
System memory in use after: 57.4 MB.

Unloading 9 unused Assets to reduce memory usage. Loaded Objects now: 1564.
Total: 2.307200 ms (FindLiveObjects: 0.163800 ms CreateObjectMapping: 0.054000 ms MarkObjects: 1.985400 ms  DeleteObjects: 0.102700 ms)

========================================================================
Received Import Request.
  path: Assets/Material/Enemy.mat
  artifactKey: Guid(87c917ced5b4cfe4b9b9897c8fb4208d) Importer(815301076,1909f56bfc062723c751e8b465ee728b)
Start importing Assets/Material/Enemy.mat using Guid(87c917ced5b4cfe4b9b9897c8fb4208d) Importer(815301076,1909f56bfc062723c751e8b465ee728b)  -> (artifact id: 'ce794346aad1e75a7c8f7bd4ea7a38e5') in 1.029750 seconds
  Import took 1.034659 seconds .

========================================================================
Received Import Request.
  Time since last request: 41.073460 seconds.
  path: Assets/Script/Player.cs
  artifactKey: Guid(566d8ceae38a29e4681dfb23a96cc19f) Importer(815301076,1909f56bfc062723c751e8b465ee728b)
Start importing Assets/Script/Player.cs using Guid(566d8ceae38a29e4681dfb23a96cc19f) Importer(815301076,1909f56bfc062723c751e8b465ee728b)  -> (artifact id: '9424fc477992b645af3760750e2a7b77') in 0.193557 seconds
  Import took 0.210135 seconds .

========================================================================
Received Import Request.
  Time since last request: 0.111124 seconds.
  path: Assets/Script/Player.cs
  artifactKey: Guid(566d8ceae38a29e4681dfb23a96cc19f) Importer(815301076,1909f56bfc062723c751e8b465ee728b)
Start importing Assets/Script/Player.cs using Guid(566d8ceae38a29e4681dfb23a96cc19f) Importer(815301076,1909f56bfc062723c751e8b465ee728b)  -> (artifact id: '9424fc477992b645af3760750e2a7b77') in 0.002047 seconds
  Import took 0.004597 seconds .

========================================================================
Received Import Request.
  Time since last request: 0.996914 seconds.
  path: Assets/Script/GunControl.cs
  artifactKey: Guid(f76450cefc1c5d747937d7996d62d1cb) Importer(815301076,1909f56bfc062723c751e8b465ee728b)
Start importing Assets/Script/GunControl.cs using Guid(f76450cefc1c5d747937d7996d62d1cb) Importer(815301076,1909f56bfc062723c751e8b465ee728b)  -> (artifact id: 'a5007a1eac921754d25e62bd7f852032') in 0.032258 seconds
  Import took 0.036246 seconds .

========================================================================
Received Import Request.
  Time since last request: 162.910564 seconds.
  path: Assets/Script/Bullet.cs
  artifactKey: Guid(b6a39c424dea0fc42bfe4dcdaa26a372) Importer(815301076,1909f56bfc062723c751e8b465ee728b)
Start importing Assets/Script/Bullet.cs using Guid(b6a39c424dea0fc42bfe4dcdaa26a372) Importer(815301076,1909f56bfc062723c751e8b465ee728b)  -> (artifact id: '6829a1da4db0130ddbadbabb56f83387') in 0.019005 seconds
  Import took 0.043695 seconds .

========================================================================
Received Import Request.
  Time since last request: 30.948910 seconds.
  path: Assets/Script/Bullet.cs
  artifactKey: Guid(b6a39c424dea0fc42bfe4dcdaa26a372) Importer(815301076,1909f56bfc062723c751e8b465ee728b)
Start importing Assets/Script/Bullet.cs using Guid(b6a39c424dea0fc42bfe4dcdaa26a372) Importer(815301076,1909f56bfc062723c751e8b465ee728b)  -> (artifact id: 'ff0e8f4c6481eff373b779c2920e489d') in 0.004822 seconds
  Import took 0.010680 seconds .

========================================================================
Received Import Request.
  Time since last request: 13.202804 seconds.
  path: Assets/Script/Bullet.cs
  artifactKey: Guid(b6a39c424dea0fc42bfe4dcdaa26a372) Importer(815301076,1909f56bfc062723c751e8b465ee728b)
Start importing Assets/Script/Bullet.cs using Guid(b6a39c424dea0fc42bfe4dcdaa26a372) Importer(815301076,1909f56bfc062723c751e8b465ee728b)  -> (artifact id: '407af800f372c9cd3f5c7a4f1af77346') in 0.032640 seconds
  Import took 0.049464 seconds .

========================================================================
Received Import Request.
  Time since last request: 0.027645 seconds.
  path: Assets/Script/Bullet.cs
  artifactKey: Guid(b6a39c424dea0fc42bfe4dcdaa26a372) Importer(815301076,1909f56bfc062723c751e8b465ee728b)
Start importing Assets/Script/Bullet.cs using Guid(b6a39c424dea0fc42bfe4dcdaa26a372) Importer(815301076,1909f56bfc062723c751e8b465ee728b)  -> (artifact id: '407af800f372c9cd3f5c7a4f1af77346') in 0.008174 seconds
  Import took 0.011832 seconds .

========================================================================
Received Prepare
Registering precompiled user dll's ...
Registered in 0.000634 seconds.
Begin MonoManager ReloadAssembly
Native extension for WindowsStandalone target not found
Refreshing native plugins compatible for Editor in 0.25 ms, found 0 plugins.
Preloading 0 native plugins for Editor in 0.00 ms.
Mono: successfully reloaded assembly
- Completed reload, in  0.943 seconds
Platform modules already initialized, skipping
Refreshing native plugins compatible for Editor in 0.31 ms, found 0 plugins.
Preloading 0 native plugins for Editor in 0.00 ms.
Unloading 1115 Unused Serialized files (Serialized files now loaded: 0)
System memory in use before: 60.4 MB.
System memory in use after: 60.5 MB.

Unloading 4 unused Assets to reduce memory usage. Loaded Objects now: 1607.
Total: 2.655700 ms (FindLiveObjects: 0.191500 ms CreateObjectMapping: 0.088000 ms MarkObjects: 2.348900 ms  DeleteObjects: 0.025300 ms)

========================================================================
Received Prepare
Registering precompiled user dll's ...
Registered in 0.000563 seconds.
Begin MonoManager ReloadAssembly
Native extension for WindowsStandalone target not found
Refreshing native plugins compatible for Editor in 0.26 ms, found 0 plugins.
Preloading 0 native plugins for Editor in 0.00 ms.
Mono: successfully reloaded assembly
- Completed reload, in  1.107 seconds
Platform modules already initialized, skipping
Refreshing native plugins compatible for Editor in 10.45 ms, found 0 plugins.
Preloading 0 native plugins for Editor in 0.00 ms.
Unloading 1115 Unused Serialized files (Serialized files now loaded: 0)
System memory in use before: 60.5 MB.
System memory in use after: 60.6 MB.

Unloading 4 unused Assets to reduce memory usage. Loaded Objects now: 1610.
Total: 2.250400 ms (FindLiveObjects: 0.187500 ms CreateObjectMapping: 0.064500 ms MarkObjects: 1.972200 ms  DeleteObjects: 0.024000 ms)

========================================================================
Received Import Request.
  Time since last request: 777.173159 seconds.
  path: Assets/Script/Bullet.cs
  artifactKey: Guid(b6a39c424dea0fc42bfe4dcdaa26a372) Importer(815301076,1909f56bfc062723c751e8b465ee728b)
Start importing Assets/Script/Bullet.cs using Guid(b6a39c424dea0fc42bfe4dcdaa26a372) Importer(815301076,1909f56bfc062723c751e8b465ee728b)  -> (artifact id: 'b0cb5ca38e41205aa8e55052c460b6a3') in 0.011421 seconds
  Import took 0.017260 seconds .

========================================================================
Received Prepare
Registering precompiled user dll's ...
Registered in 0.000565 seconds.
Begin MonoManager ReloadAssembly
Native extension for WindowsStandalone target not found
Refreshing native plugins compatible for Editor in 0.28 ms, found 0 plugins.
Preloading 0 native plugins for Editor in 0.00 ms.
Mono: successfully reloaded assembly
- Completed reload, in  0.952 seconds
Platform modules already initialized, skipping
Refreshing native plugins compatible for Editor in 0.39 ms, found 0 plugins.
Preloading 0 native plugins for Editor in 0.00 ms.
Unloading 1115 Unused Serialized files (Serialized files now loaded: 0)
System memory in use before: 60.5 MB.
System memory in use after: 60.6 MB.

Unloading 4 unused Assets to reduce memory usage. Loaded Objects now: 1613.
Total: 1.651400 ms (FindLiveObjects: 0.144400 ms CreateObjectMapping: 0.044600 ms MarkObjects: 1.448000 ms  DeleteObjects: 0.012900 ms)

========================================================================
Received Import Request.
  Time since last request: 45.911738 seconds.
  path: ProjectSettings/TagManager.asset
  artifactKey: Guid(00000000000000003000000000000000) Importer(815301076,1909f56bfc062723c751e8b465ee728b)
Start importing ProjectSettings/TagManager.asset using Guid(00000000000000003000000000000000) Importer(815301076,1909f56bfc062723c751e8b465ee728b)  -> (artifact id: 'ce6a35c3cddc746e7501c0bd0ed6d4ce') in 0.051178 seconds
  Import took 0.053922 seconds .

========================================================================
Received Import Request.
  Time since last request: 0.012617 seconds.
  path: ProjectSettings/TagManager.asset
  artifactKey: Guid(00000000000000003000000000000000) Importer(815301076,1909f56bfc062723c751e8b465ee728b)
Start importing ProjectSettings/TagManager.asset using Guid(00000000000000003000000000000000) Importer(815301076,1909f56bfc062723c751e8b465ee728b)  -> (artifact id: 'ce6a35c3cddc746e7501c0bd0ed6d4ce') in 0.002899 seconds
  Import took 0.005525 seconds .

========================================================================
Received Import Request.
  Time since last request: 108.765002 seconds.
  path: Assets/Script/Enemy.cs
  artifactKey: Guid(34cbf4e5a99ab04439ad7f69a205216c) Importer(815301076,1909f56bfc062723c751e8b465ee728b)
Start importing Assets/Script/Enemy.cs using Guid(34cbf4e5a99ab04439ad7f69a205216c) Importer(815301076,1909f56bfc062723c751e8b465ee728b)  -> (artifact id: '4357399f8ba482458f0dba39491fbb3b') in 0.006375 seconds
  Import took 0.021963 seconds .

========================================================================
Received Import Request.
  Time since last request: 8.021728 seconds.
  path: Assets/Prefabs/Buttle.prefab
  artifactKey: Guid(da43575608a3e014cb66c7255c54deaa) Importer(815301076,1909f56bfc062723c751e8b465ee728b)
Start importing Assets/Prefabs/Buttle.prefab using Guid(da43575608a3e014cb66c7255c54deaa) Importer(815301076,1909f56bfc062723c751e8b465ee728b)  -> (artifact id: '31bb9c59d0469540830f77bea39bfa60') in 0.062722 seconds
  Import took 0.079106 seconds .

========================================================================
Received Import Request.
  Time since last request: 30.104775 seconds.
  path: Assets/Prefabs/Buttle.prefab
  artifactKey: Guid(da43575608a3e014cb66c7255c54deaa) Importer(815301076,1909f56bfc062723c751e8b465ee728b)
Start importing Assets/Prefabs/Buttle.prefab using Guid(da43575608a3e014cb66c7255c54deaa) Importer(815301076,1909f56bfc062723c751e8b465ee728b)  -> (artifact id: '9996d668e28e0608267ad221c6ed7883') in 0.016956 seconds
  Import took 0.035629 seconds .

========================================================================
Received Import Request.
  Time since last request: 0.022816 seconds.
  path: Assets/Prefabs/Buttle.prefab
  artifactKey: Guid(da43575608a3e014cb66c7255c54deaa) Importer(815301076,1909f56bfc062723c751e8b465ee728b)
Start importing Assets/Prefabs/Buttle.prefab using Guid(da43575608a3e014cb66c7255c54deaa) Importer(815301076,1909f56bfc062723c751e8b465ee728b)  -> (artifact id: '9996d668e28e0608267ad221c6ed7883') in 0.015767 seconds
  Import took 0.019203 seconds .

========================================================================
Received Prepare
Registering precompiled user dll's ...
Registered in 0.000591 seconds.
Begin MonoManager ReloadAssembly
Native extension for WindowsStandalone target not found
Refreshing native plugins compatible for Editor in 0.23 ms, found 0 plugins.
Preloading 0 native plugins for Editor in 0.00 ms.
Mono: successfully reloaded assembly
- Completed reload, in  1.000 seconds
Platform modules already initialized, skipping
Refreshing native plugins compatible for Editor in 0.29 ms, found 0 plugins.
Preloading 0 native plugins for Editor in 0.00 ms.
Unloading 1115 Unused Serialized files (Serialized files now loaded: 0)
System memory in use before: 60.5 MB.
System memory in use after: 60.6 MB.

Unloading 6 unused Assets to reduce memory usage. Loaded Objects now: 1618.
Total: 2.203700 ms (FindLiveObjects: 0.170600 ms CreateObjectMapping: 0.050300 ms MarkObjects: 1.959500 ms  DeleteObjects: 0.021000 ms)

========================================================================
Received Prepare
Registering precompiled user dll's ...
Registered in 0.009422 seconds.
Begin MonoManager ReloadAssembly
Native extension for WindowsStandalone target not found
Refreshing native plugins compatible for Editor in 0.26 ms, found 0 plugins.
Preloading 0 native plugins for Editor in 0.00 ms.
Mono: successfully reloaded assembly
- Completed reload, in  3.598 seconds
Platform modules already initialized, skipping
Refreshing native plugins compatible for Editor in 0.27 ms, found 0 plugins.
Preloading 0 native plugins for Editor in 0.00 ms.
Unloading 1115 Unused Serialized files (Serialized files now loaded: 0)
System memory in use before: 60.5 MB.
System memory in use after: 60.6 MB.

Unloading 4 unused Assets to reduce memory usage. Loaded Objects now: 1621.
Total: 3.064300 ms (FindLiveObjects: 0.434700 ms CreateObjectMapping: 0.084100 ms MarkObjects: 2.504500 ms  DeleteObjects: 0.037400 ms)

========================================================================
Received Import Request.
  Time since last request: 3510.398275 seconds.
  path: Assets/Script/IDamageable.cs
  artifactKey: Guid(3cd178dacb3d18e48ac9f4e0273f6247) Importer(815301076,1909f56bfc062723c751e8b465ee728b)
Start importing Assets/Script/IDamageable.cs using Guid(3cd178dacb3d18e48ac9f4e0273f6247) Importer(815301076,1909f56bfc062723c751e8b465ee728b)  -> (artifact id: '21e45c2618e517773389de0379763a89') in 0.017439 seconds
  Import took 0.034483 seconds .

========================================================================
Received Prepare
Registering precompiled user dll's ...
Registered in 0.000584 seconds.
Begin MonoManager ReloadAssembly
Native extension for WindowsStandalone target not found
Refreshing native plugins compatible for Editor in 0.70 ms, found 0 plugins.
Preloading 0 native plugins for Editor in 0.00 ms.
Mono: successfully reloaded assembly
- Completed reload, in  0.981 seconds
Platform modules already initialized, skipping
Refreshing native plugins compatible for Editor in 0.25 ms, found 0 plugins.
Preloading 0 native plugins for Editor in 0.00 ms.
Unloading 1116 Unused Serialized files (Serialized files now loaded: 0)
System memory in use before: 60.6 MB.
System memory in use after: 60.7 MB.

Unloading 4 unused Assets to reduce memory usage. Loaded Objects now: 1625.
Total: 2.148600 ms (FindLiveObjects: 0.156300 ms CreateObjectMapping: 0.049200 ms MarkObjects: 1.919700 ms  DeleteObjects: 0.022000 ms)

========================================================================
Received Prepare
Registering precompiled user dll's ...
Registered in 0.000550 seconds.
Begin MonoManager ReloadAssembly
Native extension for WindowsStandalone target not found
Refreshing native plugins compatible for Editor in 0.23 ms, found 0 plugins.
Preloading 0 native plugins for Editor in 0.00 ms.
Mono: successfully reloaded assembly
- Completed reload, in  0.943 seconds
Platform modules already initialized, skipping
Refreshing native plugins compatible for Editor in 0.27 ms, found 0 plugins.
Preloading 0 native plugins for Editor in 0.00 ms.
Unloading 1116 Unused Serialized files (Serialized files now loaded: 0)
System memory in use before: 60.6 MB.
System memory in use after: 60.7 MB.

Unloading 4 unused Assets to reduce memory usage. Loaded Objects now: 1628.
Total: 2.121800 ms (FindLiveObjects: 0.201400 ms CreateObjectMapping: 0.084100 ms MarkObjects: 1.816500 ms  DeleteObjects: 0.017200 ms)

========================================================================
Received Import Request.
  Time since last request: 170.917870 seconds.
  path: Assets/Script/IDamageable.cs
  artifactKey: Guid(3cd178dacb3d18e48ac9f4e0273f6247) Importer(815301076,1909f56bfc062723c751e8b465ee728b)
Start importing Assets/Script/IDamageable.cs using Guid(3cd178dacb3d18e48ac9f4e0273f6247) Importer(815301076,1909f56bfc062723c751e8b465ee728b)  -> (artifact id: '3cb6f0897ad147b8ac869c7901a1f0e9') in 0.004492 seconds
  Import took 0.032533 seconds .

========================================================================
Received Import Request.
  Time since last request: 43.186361 seconds.
  path: Assets/Script/LivingEntity.cs
  artifactKey: Guid(79ceebd3373202d4d969706b5968f6a9) Importer(815301076,1909f56bfc062723c751e8b465ee728b)
Start importing Assets/Script/LivingEntity.cs using Guid(79ceebd3373202d4d969706b5968f6a9) Importer(815301076,1909f56bfc062723c751e8b465ee728b)  -> (artifact id: '96894be6b00de70a4ce1b159a1610ee4') in 0.008745 seconds
  Import took 0.022888 seconds .

========================================================================
Received Prepare
Registering precompiled user dll's ...
Registered in 0.000505 seconds.
Begin MonoManager ReloadAssembly
Native extension for WindowsStandalone target not found
Refreshing native plugins compatible for Editor in 0.24 ms, found 0 plugins.
Preloading 0 native plugins for Editor in 0.00 ms.
Mono: successfully reloaded assembly
- Completed reload, in  0.990 seconds
Platform modules already initialized, skipping
Refreshing native plugins compatible for Editor in 0.26 ms, found 0 plugins.
Preloading 0 native plugins for Editor in 0.00 ms.
Unloading 1117 Unused Serialized files (Serialized files now loaded: 0)
System memory in use before: 60.6 MB.
System memory in use after: 60.7 MB.

Unloading 4 unused Assets to reduce memory usage. Loaded Objects now: 1632.
Total: 2.245300 ms (FindLiveObjects: 0.196500 ms CreateObjectMapping: 0.082400 ms MarkObjects: 1.947400 ms  DeleteObjects: 0.017600 ms)

========================================================================
Received Prepare
Registering precompiled user dll's ...
Registered in 0.000546 seconds.
Begin MonoManager ReloadAssembly
Native extension for WindowsStandalone target not found
Refreshing native plugins compatible for Editor in 0.23 ms, found 0 plugins.
Preloading 0 native plugins for Editor in 0.00 ms.
Mono: successfully reloaded assembly
- Completed reload, in  1.002 seconds
Platform modules already initialized, skipping
Refreshing native plugins compatible for Editor in 0.26 ms, found 0 plugins.
Preloading 0 native plugins for Editor in 0.00 ms.
Unloading 1117 Unused Serialized files (Serialized files now loaded: 0)
System memory in use before: 60.6 MB.
System memory in use after: 60.7 MB.

Unloading 4 unused Assets to reduce memory usage. Loaded Objects now: 1635.
Total: 2.622000 ms (FindLiveObjects: 0.179500 ms CreateObjectMapping: 0.051400 ms MarkObjects: 2.367700 ms  DeleteObjects: 0.021400 ms)

========================================================================
Received Import Request.
  Time since last request: 1675.621294 seconds.
  path: Assets/Script/LivingEntity.cs
  artifactKey: Guid(79ceebd3373202d4d969706b5968f6a9) Importer(815301076,1909f56bfc062723c751e8b465ee728b)
Start importing Assets/Script/LivingEntity.cs using Guid(79ceebd3373202d4d969706b5968f6a9) Importer(815301076,1909f56bfc062723c751e8b465ee728b)  -> (artifact id: 'c73628969a01b4e0d3c2aa06207e4673') in 0.008283 seconds
  Import took 0.024266 seconds .

========================================================================
Received Prepare
Registering precompiled user dll's ...
Registered in 0.000825 seconds.
Begin MonoManager ReloadAssembly
Native extension for WindowsStandalone target not found
Refreshing native plugins compatible for Editor in 0.30 ms, found 0 plugins.
Preloading 0 native plugins for Editor in 0.00 ms.
Mono: successfully reloaded assembly
- Completed reload, in  0.980 seconds
Platform modules already initialized, skipping
Refreshing native plugins compatible for Editor in 0.29 ms, found 0 plugins.
Preloading 0 native plugins for Editor in 0.00 ms.
Unloading 1117 Unused Serialized files (Serialized files now loaded: 0)
System memory in use before: 60.6 MB.
System memory in use after: 60.8 MB.

Unloading 4 unused Assets to reduce memory usage. Loaded Objects now: 1638.
Total: 1.662100 ms (FindLiveObjects: 0.140500 ms CreateObjectMapping: 0.044500 ms MarkObjects: 1.463700 ms  DeleteObjects: 0.012300 ms)

========================================================================
Received Import Request.
  Time since last request: 257.489041 seconds.
  path: Assets/Script/Bullet.cs
  artifactKey: Guid(b6a39c424dea0fc42bfe4dcdaa26a372) Importer(815301076,1909f56bfc062723c751e8b465ee728b)
Start importing Assets/Script/Bullet.cs using Guid(b6a39c424dea0fc42bfe4dcdaa26a372) Importer(815301076,1909f56bfc062723c751e8b465ee728b)  -> (artifact id: '0657793f39b6a91ca952df20df2805b0') in 0.009118 seconds
  Import took 0.027853 seconds .

========================================================================
Received Import Request.
  Time since last request: 0.026182 seconds.
  path: Assets/Script/Bullet.cs
  artifactKey: Guid(b6a39c424dea0fc42bfe4dcdaa26a372) Importer(815301076,1909f56bfc062723c751e8b465ee728b)
Start importing Assets/Script/Bullet.cs using Guid(b6a39c424dea0fc42bfe4dcdaa26a372) Importer(815301076,1909f56bfc062723c751e8b465ee728b)  -> (artifact id: '0657793f39b6a91ca952df20df2805b0') in 0.002061 seconds
  Import took 0.036398 seconds .

========================================================================
Received Import Request.
  Time since last request: 2.465648 seconds.
  path: Assets/Material/Enemy.mat
  artifactKey: Guid(87c917ced5b4cfe4b9b9897c8fb4208d) Importer(815301076,1909f56bfc062723c751e8b465ee728b)
Start importing Assets/Material/Enemy.mat using Guid(87c917ced5b4cfe4b9b9897c8fb4208d) Importer(815301076,1909f56bfc062723c751e8b465ee728b)  -> (artifact id: '930b52f319d13234295077e1ef8a18ba') in 0.134842 seconds
  Import took 0.148543 seconds .

========================================================================
Received Import Request.
  Time since last request: 0.844188 seconds.
  path: Assets/Prefabs/Buttle.prefab
  artifactKey: Guid(da43575608a3e014cb66c7255c54deaa) Importer(815301076,1909f56bfc062723c751e8b465ee728b)
Start importing Assets/Prefabs/Buttle.prefab using Guid(da43575608a3e014cb66c7255c54deaa) Importer(815301076,1909f56bfc062723c751e8b465ee728b)  -> (artifact id: '7ca52e58f829a74512bbd01ee9e6f4b3') in 0.048511 seconds
  Import took 0.064740 seconds .

========================================================================
Received Prepare
Registering precompiled user dll's ...
Registered in 0.001095 seconds.
Begin MonoManager ReloadAssembly
Native extension for WindowsStandalone target not found
Refreshing native plugins compatible for Editor in 0.37 ms, found 0 plugins.
Preloading 0 native plugins for Editor in 0.00 ms.
Mono: successfully reloaded assembly
- Completed reload, in  1.020 seconds
Platform modules already initialized, skipping
Refreshing native plugins compatible for Editor in 0.41 ms, found 0 plugins.
Preloading 0 native plugins for Editor in 0.00 ms.
Unloading 1117 Unused Serialized files (Serialized files now loaded: 0)
System memory in use before: 60.7 MB.
System memory in use after: 60.8 MB.

Unloading 4 unused Assets to reduce memory usage. Loaded Objects now: 1642.
Total: 1.836100 ms (FindLiveObjects: 0.150100 ms CreateObjectMapping: 0.045900 ms MarkObjects: 1.624100 ms  DeleteObjects: 0.014800 ms)

========================================================================
Received Prepare
Registering precompiled user dll's ...
Registered in 0.000759 seconds.
Begin MonoManager ReloadAssembly
Native extension for WindowsStandalone target not found
Refreshing native plugins compatible for Editor in 0.38 ms, found 0 plugins.
Preloading 0 native plugins for Editor in 0.00 ms.
Mono: successfully reloaded assembly
- Completed reload, in  1.691 seconds
Platform modules already initialized, skipping
Refreshing native plugins compatible for Editor in 1.21 ms, found 0 plugins.
Preloading 0 native plugins for Editor in 0.00 ms.
Unloading 1117 Unused Serialized files (Serialized files now loaded: 0)
System memory in use before: 60.7 MB.
System memory in use after: 60.8 MB.

Unloading 4 unused Assets to reduce memory usage. Loaded Objects now: 1645.
Total: 9.213400 ms (FindLiveObjects: 0.250000 ms CreateObjectMapping: 0.298800 ms MarkObjects: 8.628000 ms  DeleteObjects: 0.032600 ms)

========================================================================
Received Prepare
Registering precompiled user dll's ...
Registered in 0.000678 seconds.
Begin MonoManager ReloadAssembly
Native extension for WindowsStandalone target not found
Refreshing native plugins compatible for Editor in 0.93 ms, found 0 plugins.
Preloading 0 native plugins for Editor in 0.00 ms.
Mono: successfully reloaded assembly
- Completed reload, in  1.701 seconds
Platform modules already initialized, skipping
Refreshing native plugins compatible for Editor in 0.70 ms, found 0 plugins.
Preloading 0 native plugins for Editor in 0.00 ms.
Unloading 1117 Unused Serialized files (Serialized files now loaded: 0)
System memory in use before: 60.7 MB.
System memory in use after: 60.8 MB.

Unloading 4 unused Assets to reduce memory usage. Loaded Objects now: 1648.
Total: 3.004500 ms (FindLiveObjects: 0.245700 ms CreateObjectMapping: 0.068600 ms MarkObjects: 2.657800 ms  DeleteObjects: 0.029800 ms)

========================================================================
Received Prepare
Registering precompiled user dll's ...
Registered in 0.000621 seconds.
Begin MonoManager ReloadAssembly
Native extension for WindowsStandalone target not found
Refreshing native plugins compatible for Editor in 0.23 ms, found 0 plugins.
Preloading 0 native plugins for Editor in 0.00 ms.
Mono: successfully reloaded assembly
- Completed reload, in  0.979 seconds
Platform modules already initialized, skipping
Refreshing native plugins compatible for Editor in 0.26 ms, found 0 plugins.
Preloading 0 native plugins for Editor in 0.00 ms.
Unloading 1117 Unused Serialized files (Serialized files now loaded: 0)
System memory in use before: 60.7 MB.
System memory in use after: 60.8 MB.

Unloading 4 unused Assets to reduce memory usage. Loaded Objects now: 1651.
Total: 2.004700 ms (FindLiveObjects: 0.198500 ms CreateObjectMapping: 0.125200 ms MarkObjects: 1.660900 ms  DeleteObjects: 0.017700 ms)

========================================================================
Received Prepare
Registering precompiled user dll's ...
Registered in 0.000507 seconds.
Begin MonoManager ReloadAssembly
Native extension for WindowsStandalone target not found
Refreshing native plugins compatible for Editor in 0.23 ms, found 0 plugins.
Preloading 0 native plugins for Editor in 0.00 ms.
Mono: successfully reloaded assembly
- Completed reload, in  0.971 seconds
Platform modules already initialized, skipping
Refreshing native plugins compatible for Editor in 0.25 ms, found 0 plugins.
Preloading 0 native plugins for Editor in 0.00 ms.
Unloading 1117 Unused Serialized files (Serialized files now loaded: 0)
System memory in use before: 60.7 MB.
System memory in use after: 60.8 MB.

Unloading 4 unused Assets to reduce memory usage. Loaded Objects now: 1654.
Total: 2.538000 ms (FindLiveObjects: 0.247800 ms CreateObjectMapping: 0.398000 ms MarkObjects: 1.871600 ms  DeleteObjects: 0.018900 ms)

========================================================================
Received Prepare
Registering precompiled user dll's ...
Registered in 0.000644 seconds.
Begin MonoManager ReloadAssembly
Native extension for WindowsStandalone target not found
Refreshing native plugins compatible for Editor in 0.37 ms, found 0 plugins.
Preloading 0 native plugins for Editor in 0.00 ms.
Mono: successfully reloaded assembly
- Completed reload, in  0.974 seconds
Platform modules already initialized, skipping
Refreshing native plugins compatible for Editor in 0.26 ms, found 0 plugins.
Preloading 0 native plugins for Editor in 0.00 ms.
Unloading 1117 Unused Serialized files (Serialized files now loaded: 0)
System memory in use before: 60.7 MB.
System memory in use after: 60.8 MB.

Unloading 4 unused Assets to reduce memory usage. Loaded Objects now: 1657.
Total: 3.175700 ms (FindLiveObjects: 0.415600 ms CreateObjectMapping: 0.188200 ms MarkObjects: 2.550800 ms  DeleteObjects: 0.018600 ms)

========================================================================
Received Prepare
Registering precompiled user dll's ...
Registered in 0.001241 seconds.
Begin MonoManager ReloadAssembly
Native extension for WindowsStandalone target not found
Refreshing native plugins compatible for Editor in 0.28 ms, found 0 plugins.
Preloading 0 native plugins for Editor in 0.00 ms.
Mono: successfully reloaded assembly
- Completed reload, in  1.817 seconds
Platform modules already initialized, skipping
Refreshing native plugins compatible for Editor in 0.32 ms, found 0 plugins.
Preloading 0 native plugins for Editor in 0.00 ms.
Unloading 1117 Unused Serialized files (Serialized files now loaded: 0)
System memory in use before: 60.7 MB.
System memory in use after: 60.8 MB.

Unloading 4 unused Assets to reduce memory usage. Loaded Objects now: 1660.
Total: 2.056200 ms (FindLiveObjects: 0.273500 ms CreateObjectMapping: 0.091700 ms MarkObjects: 1.674100 ms  DeleteObjects: 0.015100 ms)

========================================================================
Received Prepare
Registering precompiled user dll's ...
Registered in 0.001655 seconds.
Begin MonoManager ReloadAssembly
Native extension for WindowsStandalone target not found
Refreshing native plugins compatible for Editor in 0.27 ms, found 0 plugins.
Preloading 0 native plugins for Editor in 0.00 ms.
Mono: successfully reloaded assembly
- Completed reload, in  0.966 seconds
Platform modules already initialized, skipping
Refreshing native plugins compatible for Editor in 0.26 ms, found 0 plugins.
Preloading 0 native plugins for Editor in 0.00 ms.
Unloading 1117 Unused Serialized files (Serialized files now loaded: 0)
System memory in use before: 60.7 MB.
System memory in use after: 60.8 MB.

Unloading 4 unused Assets to reduce memory usage. Loaded Objects now: 1663.
Total: 2.104300 ms (FindLiveObjects: 0.283500 ms CreateObjectMapping: 0.104900 ms MarkObjects: 1.700700 ms  DeleteObjects: 0.013900 ms)

========================================================================
Received Prepare
Registering precompiled user dll's ...
Registered in 0.000587 seconds.
Begin MonoManager ReloadAssembly
Native extension for WindowsStandalone target not found
Refreshing native plugins compatible for Editor in 0.24 ms, found 0 plugins.
Preloading 0 native plugins for Editor in 0.00 ms.
Mono: successfully reloaded assembly
- Completed reload, in  1.008 seconds
Platform modules already initialized, skipping
Refreshing native plugins compatible for Editor in 0.32 ms, found 0 plugins.
Preloading 0 native plugins for Editor in 0.00 ms.
Unloading 1117 Unused Serialized files (Serialized files now loaded: 0)
System memory in use before: 60.7 MB.
System memory in use after: 60.8 MB.

Unloading 4 unused Assets to reduce memory usage. Loaded Objects now: 1666.
Total: 1.933800 ms (FindLiveObjects: 0.178800 ms CreateObjectMapping: 0.073000 ms MarkObjects: 1.665300 ms  DeleteObjects: 0.014900 ms)

========================================================================
Received Prepare
Registering precompiled user dll's ...
Registered in 0.001625 seconds.
Begin MonoManager ReloadAssembly
Native extension for WindowsStandalone target not found
Refreshing native plugins compatible for Editor in 0.23 ms, found 0 plugins.
Preloading 0 native plugins for Editor in 0.00 ms.
Mono: successfully reloaded assembly
- Completed reload, in  0.938 seconds
Platform modules already initialized, skipping
Refreshing native plugins compatible for Editor in 0.27 ms, found 0 plugins.
Preloading 0 native plugins for Editor in 0.00 ms.
Unloading 1117 Unused Serialized files (Serialized files now loaded: 0)
System memory in use before: 60.7 MB.
System memory in use after: 60.8 MB.

Unloading 4 unused Assets to reduce memory usage. Loaded Objects now: 1669.
Total: 1.978500 ms (FindLiveObjects: 0.179000 ms CreateObjectMapping: 0.076400 ms MarkObjects: 1.706500 ms  DeleteObjects: 0.015200 ms)

========================================================================
Received Import Request.
  Time since last request: 7925.643102 seconds.
  path: Assets/Prefabs/Buttle.prefab
  artifactKey: Guid(da43575608a3e014cb66c7255c54deaa) Importer(815301076,1909f56bfc062723c751e8b465ee728b)
Start importing Assets/Prefabs/Buttle.prefab using Guid(da43575608a3e014cb66c7255c54deaa) Importer(815301076,1909f56bfc062723c751e8b465ee728b)  -> (artifact id: 'fae4e3ac3d7c516dba97aa2d8f4f7311') in 0.136919 seconds
  Import took 0.152688 seconds .

========================================================================
Received Prepare
Registering precompiled user dll's ...
Registered in 0.000626 seconds.
Begin MonoManager ReloadAssembly
Native extension for WindowsStandalone target not found
Refreshing native plugins compatible for Editor in 0.26 ms, found 0 plugins.
Preloading 0 native plugins for Editor in 0.00 ms.
Mono: successfully reloaded assembly
- Completed reload, in  0.994 seconds
Platform modules already initialized, skipping
Refreshing native plugins compatible for Editor in 0.28 ms, found 0 plugins.
Preloading 0 native plugins for Editor in 0.00 ms.
Unloading 1117 Unused Serialized files (Serialized files now loaded: 0)
System memory in use before: 60.7 MB.
System memory in use after: 60.8 MB.

Unloading 4 unused Assets to reduce memory usage. Loaded Objects now: 1673.
Total: 2.204800 ms (FindLiveObjects: 0.201600 ms CreateObjectMapping: 0.087700 ms MarkObjects: 1.895200 ms  DeleteObjects: 0.018700 ms)

========================================================================
Received Prepare
Registering precompiled user dll's ...
Registered in 0.000857 seconds.
Begin MonoManager ReloadAssembly
Native extension for WindowsStandalone target not found
Refreshing native plugins compatible for Editor in 0.24 ms, found 0 plugins.
Preloading 0 native plugins for Editor in 0.00 ms.
Mono: successfully reloaded assembly
- Completed reload, in  0.944 seconds
Platform modules already initialized, skipping
Refreshing native plugins compatible for Editor in 0.35 ms, found 0 plugins.
Preloading 0 native plugins for Editor in 0.00 ms.
Unloading 1117 Unused Serialized files (Serialized files now loaded: 0)
System memory in use before: 60.8 MB.
System memory in use after: 60.9 MB.

Unloading 4 unused Assets to reduce memory usage. Loaded Objects now: 1676.
Total: 2.067500 ms (FindLiveObjects: 0.175900 ms CreateObjectMapping: 0.080800 ms MarkObjects: 1.769100 ms  DeleteObjects: 0.040100 ms)

AssetImportWorkerClient::OnTransportError - code=2 error=End of file
